<?xml version='1.0' encoding='UTF-8'?>
<testsuite name="daylight-qa-repository-checks" tests="3" failures="0" skipped="0"><testcase classname="incant-web" name="incant-web/production-build" time="14.539"><system-out>
&gt; incant@1.1.0 build
&gt; tsc --noEmit &amp;&amp; vite build &amp;&amp; node scripts/build-sw.mjs

vite v7.3.6 building client environment for production...
transforming...
✓ 1591 modules transformed.
rendering chunks...
computing gzip size...
dist/index.html                   0.70 kB │ gzip:  0.42 kB
dist/assets/index-eiHycHx5.css   31.91 kB │ gzip:  7.86 kB
dist/assets/index-tP0GBR4Y.js   288.62 kB │ gzip: 91.58 kB
✓ built in 5.19s</system-out></testcase><testcase classname="incant-web" name="incant-web/unit-contracts" time="4.18"><system-out>
&gt; incant@1.1.0 test
&gt; vitest run


 RUN  v3.2.7 /Users/anjan/Documents/SolOS/incant/web

 ✓ tests/contracts.test.ts (6 tests) 31ms

 Test Files  1 passed (1)
      Tests  6 passed (6)
   Start at  23:24:17
   Duration  1.70s (transform 169ms, setup 0ms, collect 242ms, tests 31ms, environment 0ms, prepare 233ms)
</system-out></testcase><testcase classname="incant-web" name="incant-web/browser-flows" time="52.217"><system-out>(Use `node --trace-warnings ...` to show where the warning was created)
  ✓   1 tests/desk.e2e.ts:15:1 › drawing, palm rejection, undo/redo, and reload persistence (3.0s)
  ✓   2 tests/desk.e2e.ts:43:1 › failed cast recovers, uses current words, and never erases the sketch (1.9s)
  ✓   3 tests/desk.e2e.ts:69:1 › successful image persists and original drawing remains recoverable (6.1s)
  ✓   4 tests/desk.e2e.ts:119:1 › cancellation prevents late results from replacing the desk (3.8s)
  ✓   5 tests/desk.e2e.ts:151:3 › layout desktop (2.1s)
  ✓   6 tests/desk.e2e.ts:151:3 › layout dc1-portrait (2.6s)
  ✓   7 tests/desk.e2e.ts:151:3 › layout dc1-landscape (3.4s)
  ✓   8 tests/desk.e2e.ts:151:3 › layout tablet-portrait (2.7s)
  ✓   9 tests/desk.e2e.ts:151:3 › layout tablet-landscape (2.0s)
  ✓  10 tests/desk.e2e.ts:151:3 › layout phone (1.8s)
  ✓  11 tests/desk.e2e.ts:176:1 › spellbook keyboard focus and honest setup (1.5s)
  ✓  12 tests/desk.e2e.ts:186:1 › voice uses final speech rather than the previous typed spell (5.5s)
  ✓  13 tests/desk.e2e.ts:263:1 › early voice release discards a late microphone grant (2.2s)
  ✓  14 tests/desk.e2e.ts:307:1 › resizing preserves the drawing's original proportions and pixels (1.5s)
  ✓  15 tests/desk.e2e.ts:335:3 › pixel eraser pen-button: partial line, undo, redo, reload, and draw again (1.9s)
  ✓  16 tests/desk.e2e.ts:335:3 › pixel eraser pen-bitmask: partial line, undo, redo, reload, and draw again (1.8s)
  ✓  17 tests/desk.e2e.ts:335:3 › pixel eraser toolbar: partial line, undo, redo, reload, and draw again (2.1s)

  17 passed (50.5s)</system-out></testcase></testsuite>
