<?xml version='1.0' encoding='UTF-8'?>
<testsuite name="daylight-qa-repository-checks" tests="3" failures="0" skipped="0"><testcase classname="incant-web" name="incant-web/production-build" time="8.613"><system-out>
&gt; incant@1.1.0 build
&gt; tsc --noEmit &amp;&amp; vite build &amp;&amp; node scripts/build-sw.mjs

vite v7.3.6 building client environment for production...
transforming...
✓ 1591 modules transformed.
rendering chunks...
computing gzip size...
dist/index.html                   0.70 kB │ gzip:  0.42 kB
dist/assets/index-BCstm8WM.css   32.01 kB │ gzip:  7.88 kB
dist/assets/index-CAXgIeDK.js   289.53 kB │ gzip: 91.88 kB
✓ built in 2.87s</system-out></testcase><testcase classname="incant-web" name="incant-web/unit-contracts" time="2.159"><system-out>
&gt; incant@1.1.0 test
&gt; vitest run


 RUN  v3.2.7 /Users/anjan/Documents/SolOS/incant/web

 ✓ tests/contracts.test.ts (6 tests) 16ms

 Test Files  1 passed (1)
      Tests  6 passed (6)
   Start at  23:28:31
   Duration  879ms (transform 112ms, setup 0ms, collect 132ms, tests 16ms, environment 0ms, prepare 125ms)
</system-out></testcase><testcase classname="incant-web" name="incant-web/browser-flows" time="53.339"><system-out>  ✓   2 tests/desk.e2e.ts:43:1 › failed cast recovers, uses current words, and never erases the sketch (1.2s)
  ✓   3 tests/desk.e2e.ts:69:1 › successful image persists and original drawing remains recoverable (2.2s)
  ✓   4 tests/desk.e2e.ts:119:1 › cancellation prevents late results from replacing the desk (2.5s)
  ✓   5 tests/desk.e2e.ts:151:3 › layout desktop (1.1s)
  ✓   6 tests/desk.e2e.ts:151:3 › layout dc1-portrait (2.2s)
  ✓   7 tests/desk.e2e.ts:151:3 › layout dc1-landscape (1.5s)
  ✓   8 tests/desk.e2e.ts:151:3 › layout tablet-portrait (2.1s)
  ✓   9 tests/desk.e2e.ts:151:3 › layout tablet-landscape (1.3s)
  ✓  10 tests/desk.e2e.ts:151:3 › layout phone (1.5s)
  ✓  11 tests/desk.e2e.ts:176:1 › spellbook keyboard focus and honest setup (1.1s)
  ✓  12 tests/desk.e2e.ts:187:1 › voice keyboard uses final speech rather than the previous typed spell (5.3s)
  ✓  13 tests/desk.e2e.ts:187:1 › voice touch-hold uses final speech rather than the previous typed spell (5.7s)
  ✓  14 tests/desk.e2e.ts:187:1 › voice tap uses final speech rather than the previous typed spell (4.7s)
  ✓  15 tests/desk.e2e.ts:287:1 › early voice release discards a late microphone grant (2.9s)
  ✓  16 tests/desk.e2e.ts:332:1 › resizing preserves the drawing's original proportions and pixels (2.3s)
  ✓  17 tests/desk.e2e.ts:360:3 › pixel eraser pen-button: partial line, undo, redo, reload, and draw again (3.2s)
  ✓  18 tests/desk.e2e.ts:360:3 › pixel eraser pen-bitmask: partial line, undo, redo, reload, and draw again (3.5s)
  ✓  19 tests/desk.e2e.ts:360:3 › pixel eraser toolbar: partial line, undo, redo, reload, and draw again (3.2s)

  19 passed (52.1s)</system-out></testcase></testsuite>
