<?xml version='1.0' encoding='UTF-8'?>
<testsuite name="daylight-qa-repository-checks" tests="3" failures="0" skipped="0"><testcase classname="incant-web" name="incant-web/production-build" time="15.197"><system-out>
&gt; incant@1.1.0 build
&gt; tsc --noEmit &amp;&amp; vite build &amp;&amp; node scripts/build-sw.mjs

vite v7.3.6 building client environment for production...
transforming...
✓ 1603 modules transformed.
rendering chunks...
computing gzip size...
dist/index.html                   0.70 kB │ gzip:   0.42 kB
dist/assets/index-DhPCBg5O.css   61.46 kB │ gzip:  14.29 kB
dist/assets/index-DaIVtZSr.js   319.72 kB │ gzip: 100.86 kB
✓ built in 5.66s</system-out></testcase><testcase classname="incant-web" name="incant-web/unit-contracts" time="8.314"><system-out>&gt; vitest run


 RUN  v3.2.7 /Users/anjan/Documents/SolOS/incant/web

 ✓ tests/realtime-voice.test.ts (2 tests) 91ms
 ✓ tests/contracts.test.ts (7 tests) 61ms
 ✓ tests/backup.test.ts (2 tests) 802ms
   ✓ durable immutable snapshots require complete, hash-verified objects and survive server restart  794ms
 ✓ tests/public-room.test.ts (1 test) 2290ms
   ✓ password-free entry isolates browser backups and owl mail while preserving the legacy room  2287ms
 ✓ tests/owl.test.ts (3 tests) 2128ms
   ✓ owl capabilities isolate images; open and reply receipts are durable and retry-safe  1700ms
   ✓ parcel persists exact source and spell; retries cannot substitute another prompt  410ms

 Test Files  5 passed (5)
      Tests  15 passed (15)
   Start at  01:09:07
   Duration  5.64s (transform 2.16s, setup 0ms, collect 4.73s, tests 5.37s, environment 1ms, prepare 1.90s)
</system-out></testcase><testcase classname="incant-web" name="incant-web/browser-flows" time="336.81"><system-out>  ✓  80 tests/onboarding.e2e.ts:73:3 › guide fits dc1-landscape and remains usable with reduced motion (4.1s)
  ✓  81 tests/onboarding.e2e.ts:73:3 › guide fits phone and remains usable with reduced motion (1.3s)
  ✓  82 tests/onboarding.e2e.ts:73:3 › guide fits short and remains usable with reduced motion (1.4s)
  ✓  83 tests/owl.e2e.ts:4:1 › owl sharing preserves activation, distinguishes cancellation, and announces an image reply once (18.3s)
  ✓  84 tests/owl.e2e.ts:151:1 › recipient opens deliberately, sees no room gate, and retries the same reply safely (1.5s)
  ✓  85 tests/owl.e2e.ts:198:1 › missing cloud storage is recoverable and never opens a share sheet (1.0s)
  ✓  86 tests/owl.e2e.ts:223:3 › painted owl shares exact local parcel without cloud at 503 (6.3s)
  ✓  87 tests/owl.e2e.ts:223:3 › painted owl shares exact local parcel without cloud at 429 (5.4s)
  ✓  88 tests/owl.e2e.ts:364:1 › a delayed reply-link preparation cannot attach old files or spell to a new active cast (13.6s)
  ✓  89 tests/share-image.e2e.ts:8:3 › native png parcel keeps matching names, MIME, and exact bytes (1.3s)
  ✓  90 tests/share-image.e2e.ts:8:3 › native jpg parcel keeps matching names, MIME, and exact bytes (644ms)
  ✓  91 tests/share-image.e2e.ts:8:3 › native webp parcel keeps matching names, MIME, and exact bytes (720ms)
  ✓  92 tests/wand-feedback.e2e.ts:3:3 › wand acknowledges connection immediately and signals actual listening (6.0s)
  ✓  93 tests/wand-feedback.e2e.ts:3:3 › wand acknowledges connection immediately and signals actual listening with reduced motion (3.3s)
  ✓  94 tests/wand-sequence.e2e.ts:3:3 › first gesture over a result casts again with original sketch (80ms) (6.6s)
  ✓  95 tests/wand-sequence.e2e.ts:3:3 › first gesture over a result casts again with original sketch (360ms) (7.1s)
  ✓  96 tests/wand-sequence.e2e.ts:3:3 › first gesture over a result casts again with original sketch (550ms) (7.1s)
  ✓  97 tests/wand-sequence.e2e.ts:168:1 › dragon settings persist voice and owl choices without adding an owl icon (3.1s)

  97 passed (5.6m)</system-out></testcase></testsuite>
