<?xml version='1.0' encoding='UTF-8'?>
<testsuite name="daylight-qa-repository-checks" tests="3" failures="0" skipped="0"><testcase classname="incant-web" name="incant-web/production-build" time="7.037"><system-out>
&gt; incant@1.1.0 build
&gt; tsc --noEmit &amp;&amp; vite build &amp;&amp; node scripts/build-sw.mjs

vite v7.3.6 building client environment for production...
transforming...
✓ 1599 modules transformed.
rendering chunks...
computing gzip size...
dist/index.html                   0.70 kB │ gzip:   0.42 kB
dist/assets/index-1-wRpQqD.css   55.30 kB │ gzip:  12.73 kB
dist/assets/index-BNvmQMe_.js   315.03 kB │ gzip: 100.03 kB
✓ built in 2.47s</system-out></testcase><testcase classname="incant-web" name="incant-web/unit-contracts" time="2.262"><system-out>
&gt; incant@1.1.0 test
&gt; vitest run


 RUN  v3.2.7 /Users/anjan/Documents/SolOS/incant/web

 ✓ tests/contracts.test.ts (7 tests) 19ms
 ✓ tests/backup.test.ts (2 tests) 178ms

 Test Files  2 passed (2)
      Tests  9 passed (9)
   Start at  14:04:06
   Duration  1.24s (transform 179ms, setup 0ms, collect 413ms, tests 197ms, environment 0ms, prepare 461ms)
</system-out></testcase><testcase classname="incant-web" name="incant-web/browser-flows" time="123.666"><system-out>  ✓  36 tests/desk.e2e.ts:555:1 › immersive mode keeps the wand and illustrated typewriter, including while casting (5.0s)
  ✓  37 tests/desk.e2e.ts:605:1 › typewriter focuses only the writing field and releases its viewport lock on close (1.0s)
  ✓  38 tests/immersive-affordances.e2e.ts:25:1 › peel compares exact saved source without changing drawing or result (4.1s)
  ✓  39 tests/immersive-affordances.e2e.ts:58:1 › illustrated books expose saved creations and share exact image bytes (4.3s)
  ✓  40 tests/immersive-affordances.e2e.ts:100:1 › hourglass cancels late image and respects reduced motion (5.1s)
  ✓  41 tests/native-interactions.e2e.ts:7:1 › room blocks native menu and image drag, while editing and external controls remain native (545ms)
  ✓  42 tests/native-interactions.e2e.ts:72:1 › real Chromium pen barrel-only press changes neither pixels nor saved draft; tip remains functional (434ms)
  ✓  43 tests/native-interactions.e2e.ts:126:1 › barrel-first chord starts only at contact and stops at tip lift, with no hover trail (742ms)
  ✓  44 tests/native-interactions.e2e.ts:169:1 › anomalous barrel button zero cannot ink; tip-first chord and cancel preserve real ink (1.1s)
  ✓  45 tests/native-interactions.e2e.ts:213:1 › legacy tools dialog still scrolls and allows plain-text selection (967ms)
  ✓  46 tests/onboarding.e2e.ts:2:1 › first visit is skippable, stays dismissed across reload, and help replays it (888ms)
  ✓  47 tests/onboarding.e2e.ts:34:1 › four pages support back and completion without modifying the sketch (1.2s)
  ✓  48 tests/onboarding.e2e.ts:73:3 › guide fits dc1-portrait and remains usable with reduced motion (2.2s)
  ✓  49 tests/onboarding.e2e.ts:73:3 › guide fits dc1-landscape and remains usable with reduced motion (2.9s)
  ✓  50 tests/onboarding.e2e.ts:73:3 › guide fits phone and remains usable with reduced motion (1.0s)
  ✓  51 tests/onboarding.e2e.ts:73:3 › guide fits short and remains usable with reduced motion (1.2s)
  ✓  52 tests/wand-feedback.e2e.ts:3:3 › wand acknowledges connection immediately and signals actual listening (5.7s)
  ✓  53 tests/wand-feedback.e2e.ts:3:3 › wand acknowledges connection immediately and signals actual listening with reduced motion (3.8s)

  53 passed (2.0m)</system-out></testcase></testsuite>
