<?xml version='1.0' encoding='UTF-8'?>
<testsuite name="daylight-qa-repository-checks" tests="3" failures="0" skipped="0"><testcase classname="incant-web" name="incant-web/production-build" time="8.414"><system-out>
&gt; incant@1.1.0 build
&gt; tsc --noEmit &amp;&amp; vite build &amp;&amp; node scripts/build-sw.mjs

vite v7.3.6 building client environment for production...
transforming...
✓ 1591 modules transformed.
rendering chunks...
computing gzip size...
dist/index.html                   0.70 kB │ gzip:  0.42 kB
dist/assets/index-CMSBPwU2.css   31.53 kB │ gzip:  7.77 kB
dist/assets/index-D0eNincV.js   288.62 kB │ gzip: 91.58 kB
✓ built in 2.87s</system-out></testcase><testcase classname="incant-web" name="incant-web/unit-contracts" time="2.181"><system-out>
&gt; incant@1.1.0 test
&gt; vitest run


 RUN  v3.2.7 /Users/anjan/Documents/SolOS/incant/web

 ✓ tests/contracts.test.ts (6 tests) 23ms

 Test Files  1 passed (1)
      Tests  6 passed (6)
   Start at  23:02:56
   Duration  906ms (transform 116ms, setup 0ms, collect 142ms, tests 23ms, environment 0ms, prepare 238ms)
</system-out></testcase><testcase classname="incant-web" name="incant-web/browser-flows" time="31.682"><system-out>
Running 13 tests using 1 worker

(node:63895) Warning: The 'NO_COLOR' env is ignored due to the 'FORCE_COLOR' env being set.
(Use `node --trace-warnings ...` to show where the warning was created)
  ✓   1 tests/desk.e2e.ts:15:1 › drawing, palm rejection, undo/redo, and reload persistence (2.3s)
  ✓   2 tests/desk.e2e.ts:43:1 › failed cast recovers, uses current words, and never erases the sketch (1.3s)
  ✓   3 tests/desk.e2e.ts:69:1 › successful image persists and original drawing remains recoverable (2.2s)
  ✓   4 tests/desk.e2e.ts:119:1 › cancellation prevents late results from replacing the desk (2.5s)
  ✓   5 tests/desk.e2e.ts:151:3 › layout desktop (1.1s)
  ✓   6 tests/desk.e2e.ts:151:3 › layout dc1-portrait (1.1s)
  ✓   7 tests/desk.e2e.ts:151:3 › layout dc1-landscape (1.1s)
  ✓   8 tests/desk.e2e.ts:151:3 › layout tablet-portrait (997ms)
  ✓   9 tests/desk.e2e.ts:151:3 › layout tablet-landscape (1.2s)
  ✓  10 tests/desk.e2e.ts:151:3 › layout phone (993ms)
  ✓  11 tests/desk.e2e.ts:176:1 › spellbook keyboard focus and honest setup (953ms)
  ✓  12 tests/desk.e2e.ts:186:1 › voice uses final speech rather than the previous typed spell (4.9s)
  ✓  13 tests/desk.e2e.ts:263:1 › early voice release discards a late microphone grant (2.0s)

  13 passed (30.5s)</system-out></testcase></testsuite>
