<?xml version='1.0' encoding='UTF-8'?>
<testsuite name="daylight-qa-repository-checks" tests="3" failures="0" skipped="0"><testcase classname="incant-web" name="incant-web/production-build" time="4.904"><system-out>
&gt; incant@1.1.0 build
&gt; tsc --noEmit &amp;&amp; vite build &amp;&amp; node scripts/build-sw.mjs

vite v7.3.6 building client environment for production...
transforming...
✓ 1603 modules transformed.
rendering chunks...
computing gzip size...
dist/index.html                   0.70 kB │ gzip:   0.42 kB
dist/assets/index-CziIr7D4.css   62.60 kB │ gzip:  14.48 kB
dist/assets/index-CVDgWiii.js   321.38 kB │ gzip: 101.40 kB
✓ built in 1.28s</system-out></testcase><testcase classname="incant-web" name="incant-web/unit-contracts" time="1.614"><system-out>
&gt; incant@1.1.0 test
&gt; vitest run


 RUN  v3.2.7 /Users/anjan/Documents/SolOS/incant/web

 ✓ tests/contracts.test.ts (7 tests) 11ms
 ✓ tests/realtime-voice.test.ts (2 tests) 65ms
 ✓ tests/backup.test.ts (2 tests) 198ms
 ✓ tests/public-room.test.ts (1 test) 534ms
   ✓ password-free entry isolates browser backups and owl mail while preserving the legacy room  533ms
 ✓ tests/owl.test.ts (3 tests) 492ms
   ✓ owl capabilities isolate images; open and reply receipts are durable and retry-safe  374ms

 Test Files  5 passed (5)
      Tests  15 passed (15)
   Start at  08:35:10
   Duration  937ms (transform 207ms, setup 0ms, collect 548ms, tests 1.30s, environment 1ms, prepare 374ms)
</system-out></testcase><testcase classname="incant-web" name="incant-web/browser-flows" time="233.154"><system-out>  ✓  81 tests/onboarding.e2e.ts:73:3 › guide fits phone and remains usable with reduced motion (1.1s)
  ✓  82 tests/onboarding.e2e.ts:73:3 › guide fits short and remains usable with reduced motion (1.3s)
  ✓  83 tests/onboarding.e2e.ts:111:1 › old spellbook launch opens the guide and highlights real controls (5.3s)
  ✓  84 tests/owl.e2e.ts:4:1 › owl sharing preserves activation, distinguishes cancellation, and announces an image reply once (17.6s)
  ✓  85 tests/owl.e2e.ts:151:1 › recipient opens deliberately, sees no room gate, and retries the same reply safely (1.0s)
  ✓  86 tests/owl.e2e.ts:198:1 › missing cloud storage is recoverable and never opens a share sheet (848ms)
  ✓  87 tests/owl.e2e.ts:223:3 › painted owl shares exact local parcel without cloud at 503 (5.9s)
  ✓  88 tests/owl.e2e.ts:223:3 › painted owl shares exact local parcel without cloud at 429 (5.2s)
  ✓  89 tests/owl.e2e.ts:364:1 › a delayed reply-link preparation cannot attach old files or spell to a new active cast (13.4s)
  ✓  90 tests/share-image.e2e.ts:8:3 › native png parcel keeps matching names, MIME, and exact bytes (820ms)
  ✓  91 tests/share-image.e2e.ts:8:3 › native jpg parcel keeps matching names, MIME, and exact bytes (807ms)
  ✓  92 tests/share-image.e2e.ts:8:3 › native webp parcel keeps matching names, MIME, and exact bytes (557ms)
  ✓  93 tests/wand-feedback.e2e.ts:3:3 › wand acknowledges connection immediately and signals actual listening (4.3s)
  ✓  94 tests/wand-feedback.e2e.ts:3:3 › wand acknowledges connection immediately and signals actual listening with reduced motion (2.6s)
  ✓  95 tests/wand-sequence.e2e.ts:3:3 › first gesture over a result casts again with original sketch (80ms) (6.6s)
  ✓  96 tests/wand-sequence.e2e.ts:3:3 › first gesture over a result casts again with original sketch (360ms) (7.0s)
  ✓  97 tests/wand-sequence.e2e.ts:3:3 › first gesture over a result casts again with original sketch (550ms) (7.0s)
  ✓  98 tests/wand-sequence.e2e.ts:168:1 › dragon settings persist voice and owl choices without adding an owl icon (2.2s)

  98 passed (3.9m)</system-out></testcase></testsuite>
