<?xml version='1.0' encoding='UTF-8'?>
<testsuite name="daylight-qa-repository-checks" tests="3" failures="0" skipped="0"><testcase classname="incant-web" name="incant-web/production-build" time="1.915"><system-out>
&gt; incant@1.1.0 build
&gt; tsc --noEmit &amp;&amp; vite build &amp;&amp; node scripts/build-sw.mjs

vite v7.3.6 building client environment for production...
transforming...
✓ 1597 modules transformed.
rendering chunks...
computing gzip size...
dist/index.html                   0.70 kB │ gzip:  0.42 kB
dist/assets/index-Bk5xviS4.css   52.46 kB │ gzip: 12.17 kB
dist/assets/index-DfsGjYPk.js   312.53 kB │ gzip: 99.16 kB
✓ built in 717ms</system-out></testcase><testcase classname="incant-web" name="incant-web/unit-contracts" time="0.631"><system-out>
&gt; incant@1.1.0 test
&gt; vitest run


 RUN  v3.2.7 /Users/anjan/Documents/SolOS/incant/web

 ✓ tests/contracts.test.ts (7 tests) 5ms
 ✓ tests/backup.test.ts (2 tests) 76ms

 Test Files  2 passed (2)
      Tests  9 passed (9)
   Start at  08:53:31
   Duration  318ms (transform 42ms, setup 0ms, collect 104ms, tests 81ms, environment 0ms, prepare 88ms)
</system-out></testcase><testcase classname="incant-web" name="incant-web/browser-flows" time="63.442"><system-out>  ✓  27 tests/desk.e2e.ts:237:3 › voice tap uses final speech rather than the previous typed spell (3.7s)
  ✓  28 tests/desk.e2e.ts:372:1 › early voice release discards a late microphone grant (1.8s)
  ✓  29 tests/desk.e2e.ts:421:3 › pixel eraser pen-button: partial line, undo, redo, reload, and draw again (857ms)
  ✓  30 tests/desk.e2e.ts:421:3 › pixel eraser pen-bitmask: partial line, undo, redo, reload, and draw again (829ms)
  ✓  31 tests/desk.e2e.ts:421:3 › pixel eraser toolbar: partial line, undo, redo, reload, and draw again (1.1s)
  ✓  32 tests/desk.e2e.ts:494:1 › typewriter focuses the bubble, retains words, and casts once (768ms)
  ✓  33 tests/desk.e2e.ts:536:1 › typewriter bubble fits narrow keyboard-sized viewport (299ms)
  ✓  34 tests/desk.e2e.ts:555:1 › immersive mode keeps the wand and illustrated typewriter, including while casting (3.6s)
  ✓  35 tests/desk.e2e.ts:605:1 › typewriter focuses only the writing field and releases its viewport lock on close (293ms)
  ✓  36 tests/immersive-affordances.e2e.ts:25:1 › peel compares exact saved source without changing drawing or result (3.4s)
  ✓  37 tests/immersive-affordances.e2e.ts:58:1 › illustrated books expose saved creations and share exact image bytes (3.5s)
  ✓  38 tests/immersive-affordances.e2e.ts:100:1 › hourglass cancels late image and respects reduced motion (4.4s)
  ✓  39 tests/onboarding.e2e.ts:2:1 › first visit is skippable, stays dismissed across reload, and help replays it (384ms)
  ✓  40 tests/onboarding.e2e.ts:34:1 › four pages support back and completion without modifying the sketch (571ms)
  ✓  41 tests/onboarding.e2e.ts:73:3 › guide fits dc1-portrait and remains usable with reduced motion (918ms)
  ✓  42 tests/onboarding.e2e.ts:73:3 › guide fits dc1-landscape and remains usable with reduced motion (912ms)
  ✓  43 tests/onboarding.e2e.ts:73:3 › guide fits phone and remains usable with reduced motion (474ms)
  ✓  44 tests/onboarding.e2e.ts:73:3 › guide fits short and remains usable with reduced motion (466ms)

  44 passed (1.1m)</system-out></testcase></testsuite>
