<?xml version='1.0' encoding='UTF-8'?>
<testsuite name="daylight-qa-repository-checks" tests="3" failures="0" skipped="0"><testcase classname="incant-web" name="incant-web/production-build" time="4.278"><system-out>
&gt; incant@1.1.0 build
&gt; tsc --noEmit &amp;&amp; vite build &amp;&amp; node scripts/build-sw.mjs

vite v7.3.6 building client environment for production...
transforming...
✓ 1595 modules transformed.
rendering chunks...
computing gzip size...
dist/index.html                   0.70 kB │ gzip:  0.42 kB
dist/assets/index-Cxek8_rn.css   47.96 kB │ gzip: 11.22 kB
dist/assets/index-8lBEuhSp.js   304.85 kB │ gzip: 96.63 kB
✓ built in 1.53s</system-out></testcase><testcase classname="incant-web" name="incant-web/unit-contracts" time="1.096"><system-out>
&gt; incant@1.1.0 test
&gt; vitest run


 RUN  v3.2.7 /Users/anjan/Documents/SolOS/incant/web

 ✓ tests/contracts.test.ts (7 tests) 14ms

 Test Files  1 passed (1)
      Tests  7 passed (7)
   Start at  01:09:35
   Duration  448ms (transform 88ms, setup 0ms, collect 95ms, tests 14ms, environment 0ms, prepare 104ms)
</system-out></testcase><testcase classname="incant-web" name="incant-web/browser-flows" time="74.044"><system-out>  ✓  20 tests/desk.e2e.ts:182:3 › layout tablet-landscape (788ms)
  ✓  21 tests/desk.e2e.ts:182:3 › layout phone (622ms)
  ✓  22 tests/desk.e2e.ts:202:1 › resize retains exact original drawing pixels (899ms)
  ✓  23 tests/desk.e2e.ts:211:1 › reduced motion disables fog motion and image reveal animation (912ms)
  ✓  24 tests/desk.e2e.ts:237:3 › voice keyboard uses final speech rather than the previous typed spell (4.4s)
  ✓  25 tests/desk.e2e.ts:237:3 › voice touch-hold uses final speech rather than the previous typed spell (5.2s)
  ✓  26 tests/desk.e2e.ts:237:3 › voice tap uses final speech rather than the previous typed spell (4.0s)
  ✓  27 tests/desk.e2e.ts:364:1 › early voice release discards a late microphone grant (2.1s)
  ✓  28 tests/desk.e2e.ts:411:3 › pixel eraser pen-button: partial line, undo, redo, reload, and draw again (1.2s)
  ✓  29 tests/desk.e2e.ts:411:3 › pixel eraser pen-bitmask: partial line, undo, redo, reload, and draw again (1.1s)
  ✓  30 tests/desk.e2e.ts:411:3 › pixel eraser toolbar: partial line, undo, redo, reload, and draw again (1.4s)
  ✓  31 tests/desk.e2e.ts:484:1 › typewriter focuses the bubble, retains words, and casts once (1.0s)
  ✓  32 tests/desk.e2e.ts:505:1 › typewriter bubble fits narrow keyboard-sized viewport (542ms)
  ✓  33 tests/desk.e2e.ts:515:1 › immersive mode keeps the wand and illustrated typewriter, including while casting (4.5s)
  ✓  34 tests/desk.e2e.ts:546:1 › typewriter focuses only the writing field and releases its viewport lock on close (942ms)
  ✓  35 tests/immersive-affordances.e2e.ts:25:1 › peel compares exact saved source without changing drawing or result (3.8s)
  ✓  36 tests/immersive-affordances.e2e.ts:58:1 › illustrated books expose saved creations and share exact image bytes (3.9s)
  ✓  37 tests/immersive-affordances.e2e.ts:100:1 › hourglass cancels late image and respects reduced motion (4.9s)

  37 passed (1.2m)</system-out></testcase></testsuite>
